<?xml version="1.0" encoding="UTF-8"?>
<!-- Generated by org.testng.reporters.JUnitReportReporter -->
<testsuite hostname="ITL4HZW593" failures="0" tests="2" name="WebTest.AddUsers" time="20.379" errors="0" timestamp="2024-07-18T08:31:41 SAST" skipped="0">
  <testcase classname="WebTest.AddUsers" name="AddUser1" time="8.244"/>
  <system-out/>
  <testcase classname="WebTest.AddUsers" name="AddUser2" time="12.135"/>
  <system-out/>
</testsuite> <!-- WebTest.AddUsers -->
