<?xml version="1.0" encoding="UTF-8"?>
<!-- Generated by org.testng.reporters.JUnitReportReporter -->
<testsuite hostname="ITL4HZW593" failures="0" tests="2" name="WebTest.AddUsersTest" time="47.409" errors="0" timestamp="2024-07-18T19:17:46 SAST" skipped="0">
  <testcase classname="WebTest.AddUsersTest" name="AddUser1" time="15.704"/>
  <system-out/>
  <testcase classname="WebTest.AddUsersTest" name="AddUser2" time="31.705"/>
  <system-out/>
</testsuite> <!-- WebTest.AddUsersTest -->
